2017-12-11 22:51:12,612 INFO  [Groovy Script#692747841] SoapUi Script
2017-12-11 22:51:21,511 INFO  [Groovy Script#692747841] SoapUi Script
2017-12-11 22:56:55,813 INFO  [Groovy Script#692747841] SoapUi Script
2017-12-11 22:56:55,826 INFO  [Groovy Script#692747841] Result:300
2017-12-12 22:32:57,627 INFO  [log] [HTTP/1.1 200 OK]
2017-12-12 22:33:57,272 INFO  [log] [HTTP/1.1 200 OK]
2017-12-12 22:34:24,845 INFO  [log] [HTTP/1.1 200 OK]
2017-12-12 22:51:52,508 INFO  [log] [HTTP/1.1 200 OK]
2017-12-13 00:31:49,588 INFO  [null] 2017-31-13T00:31:49.521+05:30
2017-12-13 00:32:25,251 INFO  [log] [HTTP/1.1 200 OK]
2017-12-13 00:32:25,258 INFO  [log] 2017-32-13T00:32:25.258+05:30
2017-12-13 08:08:32,821 INFO  [log] [HTTP/1.1 200 OK]
2017-12-13 08:08:32,858 INFO  [log] 2017-08-13 08:08:32.858+05:30
2017-12-13 08:08:32,862 INFO  [null] 2017-08-13 08:08:32.862+05:30
2017-12-13 08:08:50,396 INFO  [log] [HTTP/1.1 200 OK]
2017-12-13 08:08:50,429 INFO  [log] 2017-08-13 08:08:50.428
2017-12-13 08:08:50,430 INFO  [null] 2017-08-13 08:08:50.430
2017-12-13 08:09:01,581 INFO  [log] [HTTP/1.1 200 OK]
2017-12-13 08:09:01,614 INFO  [log] 2017-09-13 08:09:01.614+05:30
2017-12-13 08:09:01,616 INFO  [null] 2017-09-13 08:09:01.616+05:30
2017-12-13 08:09:10,092 INFO  [log] [HTTP/1.1 200 OK]
2017-12-13 08:09:10,094 INFO  [log] 2017-09-13 08:09:10.093+05:30
2017-12-13 08:29:34,869 INFO  [log] [HTTP/1.1 200 OK]
2017-12-13 08:29:34,876 INFO  [log] 2017-29-13 08:29:34.876+05:30
2017-12-13 08:30:01,129 INFO  [log] [HTTP/1.1 200 OK]
2017-12-13 08:30:01,131 INFO  [log] 2017-30-13 08:30:01.131+05:30
2017-12-13 08:31:34,669 INFO  [TimeStamp#469516297] 2017-31-13 08:31:34 669+05:30
2017-12-13 08:31:53,354 INFO  [log] [HTTP/1.1 200 OK]
2017-12-13 08:31:53,355 INFO  [log] 2017-31-13 08:31:53.355+05:30
2017-12-13 08:32:03,353 INFO  [TimeStamp#469516297] 2017-32-13 08:32:03.352+05:30
2017-12-13 14:36:12,248 INFO  [log] [HTTP/1.1 200 OK]
2018-01-04 17:46:09,201 INFO  [log] [HTTP/1.1 200 OK]
2018-01-08 23:23:02,889 INFO  [log] [HTTP/1.1 200 OK]
2018-01-08 23:23:09,509 INFO  [log] [HTTP/1.1 200 OK]
2018-01-08 23:23:21,831 INFO  [log] [HTTP/1.1 200 OK]
2018-01-08 23:23:25,439 INFO  [log] [HTTP/1.1 200 OK]
2018-01-08 23:30:48,849 INFO  [log] [HTTP/1.1 200 OK]
2018-01-09 00:18:38,634 INFO  [log] [HTTP/1.1 200 OK]
2018-01-09 00:18:47,072 INFO  [log] [HTTP/1.1 400 Bad Request]
2018-01-09 00:19:18,857 INFO  [log] [HTTP/1.1 200 OK]
2018-01-09 00:29:26,799 INFO  [log] [HTTP/1.1 200 OK]
2018-01-09 00:29:38,230 INFO  [log] [HTTP/1.1 200 OK]
2018-01-09 00:29:40,276 INFO  [log] [HTTP/1.1 200 OK]
2018-01-09 00:30:23,332 INFO  [log] [HTTP/1.1 200 OK]
2018-01-09 00:31:33,106 INFO  [log] [HTTP/1.1 400 Bad Request]
2018-01-09 00:31:33,194 INFO  [log] [HTTP/1.1 400 Bad Request]
2018-01-09 00:35:30,467 INFO  [log] [HTTP/1.1 400 Bad Request]
2018-01-09 00:35:30,476 INFO  [log] [HTTP/1.1 400 Bad Request]
2018-01-09 00:35:33,107 INFO  [log] [HTTP/1.1 400 Bad Request]
2018-01-09 00:35:33,118 INFO  [log] [HTTP/1.1 400 Bad Request]
2018-01-09 00:35:40,598 INFO  [log] [HTTP/1.1 400 Bad Request]
2018-01-09 00:35:40,611 INFO  [log] [HTTP/1.1 400 Bad Request]
2018-01-19 08:12:13,041 INFO  [Reading#435771636] Name
2018-01-19 08:12:13,065 INFO  [Reading#435771636] Number
2018-01-19 08:12:13,065 INFO  [Reading#435771636] Bhagwat
2018-01-19 08:12:13,070 INFO  [Reading#435771636] 9752509094
2018-01-19 08:12:13,071 INFO  [Reading#435771636] Praveen
2018-01-19 08:12:13,071 INFO  [Reading#435771636] 8878223322
2018-01-19 08:12:13,071 INFO  [Reading#435771636] Rahul
2018-01-19 08:12:13,071 INFO  [Reading#435771636] 7898669518
2018-02-02 17:06:02,286 INFO  [log] [HTTP/1.1 200 OK]
2018-02-02 17:06:24,139 INFO  [log] [HTTP/1.1 200 OK]
2018-02-02 17:06:25,230 INFO  [log] {results=[], status=OVER_QUERY_LIMIT, error_message=You have exceeded your daily request quota for this API. We recommend registering for a key at the Google Developers Console: https://console.developers.google.com/apis/credentials?project=_}
2018-02-02 17:07:26,798 INFO  [log] 12
