2018-01-22 17:10:43,578  INFO [main] logging.Log:36 - New Driver invoke
 2018-01-22 17:11:00,222  INFO [main] logging.Log:38 - The Browser window gets maximize
 2018-01-22 17:11:04,279  INFO [main] logging.Log:52 - Web Application Launched
 2018-01-22 17:11:04,390  INFO [main] logging.Log:61 - firstName Element Found.
 2018-01-22 17:11:04,390  INFO [main] logging.Log:62 - Firstname entered in firstname textbox
 2018-01-22 17:11:04,694  INFO [main] logging.Log:67 - lastName Element Found.
 2018-01-22 17:11:04,695  INFO [main] logging.Log:68 - Lastname entered in Lastname textbox
 2018-01-22 17:11:05,191  INFO [main] logging.Log:127 - username Element Found.
 2018-01-22 17:11:05,192  INFO [main] logging.Log:128 - username entered in username textbox
 2018-01-22 17:11:06,173  INFO [main] logging.Log:79 - Password Element Found.
 2018-01-22 17:11:06,173  INFO [main] logging.Log:80 - Password entered in Password textbox
 2018-01-22 17:11:07,164  INFO [main] logging.Log:85 - confirmPassword Element Found.
 2018-01-22 17:11:07,165  INFO [main] logging.Log:86 - Confirm Password entered in Confirm Password textbox
 2018-01-22 17:11:08,138  INFO [main] logging.Log:97 - Month Element of Date of Birth Found.
 2018-01-22 17:11:08,138  INFO [main] logging.Log:98 - Month has chosen from month list
 2018-01-22 17:11:08,304  INFO [main] logging.Log:91 - Day Element of Date of Birth Found.
 2018-01-22 17:11:08,306  INFO [main] logging.Log:92 - Day entered in Day textbox
 2018-01-22 17:11:08,444  INFO [main] logging.Log:103 - year Element of Date of Birth Found.
 2018-01-22 17:11:08,445  INFO [main] logging.Log:104 - Year entered in year textbox
 2018-01-22 17:11:08,580  INFO [main] logging.Log:109 - Gender Element Found.
 2018-01-22 17:11:08,580  INFO [main] logging.Log:110 - Gender has chosen from gender list
 2018-01-22 17:11:08,719  INFO [main] logging.Log:115 - Mobile Number Element Found.
 2018-01-22 17:11:08,720  INFO [main] logging.Log:116 - Mobile Number entered in Mobile Number textbox
 2018-01-22 17:11:09,339  INFO [main] logging.Log:133 - Current Email Element Found.
 2018-01-22 17:11:09,340  INFO [main] logging.Log:134 - Current Email entered in Current Email textbox
 2018-01-22 17:11:10,564  INFO [main] logging.Log:139 - Next Button Element Found.
 2018-01-22 17:11:10,565  INFO [main] logging.Log:140 - Click action performed on Next Button
 2018-01-22 17:11:10,708  INFO [main] logging.Log:74 - Browser closed
 